[debug] [2025-04-13T13:25:44.662Z] ----------------------------------------------------------------------
[debug] [2025-04-13T13:25:44.664Z] Command:       C:\Program Files\nodejs\node.exe C:\Users\Gery\AppData\Roaming\npm\node_modules\firebase-tools\lib\bin\firebase.js init
[debug] [2025-04-13T13:25:44.664Z] CLI Version:   14.1.0
[debug] [2025-04-13T13:25:44.664Z] Platform:      win32
[debug] [2025-04-13T13:25:44.664Z] Node Version:  v20.11.1
[debug] [2025-04-13T13:25:44.665Z] Time:          Sun Apr 13 2025 15:25:44 GMT+0200 (közép-európai nyári idő)
[debug] [2025-04-13T13:25:44.665Z] ----------------------------------------------------------------------
[debug] 
[debug] [2025-04-13T13:25:44.805Z] > command requires scopes: ["email","openid","https://www.googleapis.com/auth/cloudplatformprojects.readonly","https://www.googleapis.com/auth/firebase","https://www.googleapis.com/auth/cloud-platform"]
[debug] [2025-04-13T13:25:44.805Z] > authorizing via signed-in user (nanashisarimasu15@gmail.com)
[info] 
     ######## #### ########  ######## ########     ###     ######  ########
     ##        ##  ##     ## ##       ##     ##  ##   ##  ##       ##
     ######    ##  ########  ######   ########  #########  ######  ######
     ##        ##  ##    ##  ##       ##     ## ##     ##       ## ##
     ##       #### ##     ## ######## ########  ##     ##  ######  ########

You're about to initialize a Firebase project in this directory:

  C:\Users\Gery\Desktop\Webkert\webkert-recept

Before we get started, keep in mind:

  * You are initializing within an existing Firebase project directory

